<?xml version="1.0" encoding="UTF-8"?>
<!-- Generated by org.testng.reporters.JUnitXMLReporter -->
<testsuite ignored="0" hostname="DESKTOP-5OORVLB" failures="0" tests="4" name="Default test" time="7.461" errors="0" timestamp="2024-03-20T11:02:22 IST">
  <testcase classname="api.test.userTest" name="testPostUser" time="4.167"/>
  <testcase classname="api.test.userTest" name="getUserByName" time="0.517"/>
  <testcase classname="api.test.userTest" name="updateUserByName" time="0.834"/>
  <testcase classname="api.test.userTest" name="deletUserByName" time="0.471"/>
</testsuite> <!-- Default test -->
