<?xml version="1.0" encoding="UTF-8"?>
<testng-results ignored="0" total="4" passed="4" failed="0" skipped="0">
  <reporter-output>
  </reporter-output>
  <suite started-at="2024-03-22T02:07:08 IST" name="TestSuite" finished-at="2024-03-22T02:07:14 IST" duration-ms="6146">
    <groups>
    </groups>
    <test started-at="2024-03-22T02:07:08 IST" name="UserTestModule" finished-at="2024-03-22T02:07:14 IST" duration-ms="6146">
      <class name="api.test.userTest2">
        <test-method is-config="true" signature="setupUserData()[pri:0, instance:api.test.userTest2@2a65fe7c]" started-at="2024-03-22T02:07:09 IST" name="setupUserData" finished-at="2024-03-22T02:07:10 IST" duration-ms="1108" status="PASS">
          <reporter-output>
          </reporter-output>
        </test-method> <!-- setupUserData -->
        <test-method signature="testPostUser()[pri:1, instance:api.test.userTest2@2a65fe7c]" started-at="2024-03-22T02:07:10 IST" name="testPostUser" finished-at="2024-03-22T02:07:13 IST" duration-ms="2967" status="PASS">
          <reporter-output>
          </reporter-output>
        </test-method> <!-- testPostUser -->
        <test-method signature="getUserByName()[pri:2, instance:api.test.userTest2@2a65fe7c]" started-at="2024-03-22T02:07:13 IST" name="getUserByName" finished-at="2024-03-22T02:07:13 IST" duration-ms="402" status="PASS">
          <reporter-output>
          </reporter-output>
        </test-method> <!-- getUserByName -->
        <test-method signature="updateUserByName()[pri:3, instance:api.test.userTest2@2a65fe7c]" started-at="2024-03-22T02:07:13 IST" name="updateUserByName" finished-at="2024-03-22T02:07:14 IST" duration-ms="711" status="PASS">
          <reporter-output>
          </reporter-output>
        </test-method> <!-- updateUserByName -->
        <test-method signature="deletUserByName()[pri:4, instance:api.test.userTest2@2a65fe7c]" started-at="2024-03-22T02:07:14 IST" name="deletUserByName" finished-at="2024-03-22T02:07:14 IST" duration-ms="454" status="PASS">
          <reporter-output>
          </reporter-output>
        </test-method> <!-- deletUserByName -->
      </class> <!-- api.test.userTest2 -->
    </test> <!-- UserTestModule -->
  </suite> <!-- TestSuite -->
</testng-results>
