<?xml version="1.0" encoding="UTF-8"?>
<!-- Generated by org.testng.reporters.JUnitXMLReporter -->
<testsuite ignored="0" hostname="DESKTOP-5OORVLB" failures="0" tests="4" name="UserTestModule" time="6.146" errors="0" timestamp="2024-03-22T02:07:15 IST">
  <testcase classname="api.test.userTest2" name="testPostUser" time="2.967"/>
  <testcase classname="api.test.userTest2" name="getUserByName" time="0.402"/>
  <testcase classname="api.test.userTest2" name="updateUserByName" time="0.711"/>
  <testcase classname="api.test.userTest2" name="deletUserByName" time="0.454"/>
</testsuite> <!-- UserTestModule -->
